2018-05-04 12:26:58,402 INFO Starting
2018-05-04 12:26:59,313 INFO Reading webpage
2018-05-04 12:27:00,485 INFO Reading webpage
2018-05-04 12:27:01,408 INFO Reading webpage
2018-05-04 12:27:03,126 INFO Reading webpage
2018-05-04 12:27:04,625 INFO Failed downloading webpage, skipping.
2018-05-04 12:27:17,836 INFO Starting
2018-05-04 12:27:18,979 INFO Filesize too big (593527), skipipng.
2018-05-04 12:27:19,421 INFO Reading webpage
2018-05-04 12:27:20,360 INFO Reading webpage
2018-05-04 12:27:21,541 INFO Reading webpage
2018-05-04 12:27:22,058 INFO Reading webpage
2018-05-04 12:27:22,739 INFO Reading webpage
2018-05-04 12:27:23,539 INFO Filesize too big (1462371), skipipng.
2018-05-04 12:27:24,230 INFO Could not read filesize, skipping.
2018-05-04 12:27:24,488 INFO Filesize too big (3014131), skipipng.
2018-05-04 12:27:25,162 INFO Reading webpage
2018-05-04 12:27:26,727 INFO Reading webpage
2018-05-04 12:27:27,747 INFO Reading webpage
2018-05-04 12:27:28,618 INFO Downloading file
2018-05-04 12:27:52,786 INFO Problem parsing file, skipping.
2018-05-04 12:27:53,628 INFO Could not read filesize, skipping.
2018-05-04 12:27:53,859 INFO Reading webpage
2018-05-04 12:27:54,276 INFO Filesize too big (574045), skipipng.
2018-05-04 12:27:54,925 INFO Downloading file
2018-05-04 12:27:58,709 INFO Problem parsing file, skipping.
2018-05-04 12:27:58,889 INFO Filesize too big (2157523), skipipng.
2018-05-04 12:27:59,685 INFO Reading webpage
2018-05-04 12:28:01,904 INFO Downloading file
2018-05-04 12:28:08,651 INFO Problem parsing file, skipping.
2018-05-04 12:28:09,359 INFO Reading webpage
2018-05-04 12:28:10,951 INFO Reading webpage
2018-05-04 12:28:12,232 INFO Filesize too big (215867), skipipng.
2018-05-04 12:28:36,356 INFO Starting
2018-05-04 12:28:36,491 INFO Could not read filesize, skipping.
2018-05-04 12:28:36,602 INFO Filesize too big (25976), skipipng.
2018-05-04 12:28:36,731 INFO Reading webpage
2018-05-04 12:28:37,718 INFO Reading webpage
2018-05-04 12:28:38,867 INFO Reading webpage
2018-05-04 12:28:40,199 INFO Reading webpage
2018-05-04 12:28:42,014 INFO Reading webpage
2018-05-04 12:28:43,771 INFO Reading webpage
2018-05-04 12:28:45,590 INFO Filesize too big (860429), skipipng.
2018-05-04 12:28:46,318 INFO Reading webpage
2018-05-04 12:28:47,050 INFO Filesize too big (95550), skipipng.
2018-05-04 12:28:47,844 INFO Reading webpage
2018-05-04 12:28:49,706 INFO Reading webpage
2018-05-04 12:28:50,409 INFO Reading webpage
2018-05-04 12:28:51,177 INFO Reading webpage
2018-05-04 12:28:53,168 INFO Reading webpage
2018-05-04 12:28:54,601 INFO Reading webpage
2018-05-04 12:28:57,830 INFO Reading webpage
2018-05-04 12:29:24,543 INFO Failed downloading webpage, skipping.
2018-05-04 12:29:40,353 INFO Starting
2018-05-04 12:29:40,605 INFO Reading webpage
2018-05-04 12:29:41,271 INFO Reading webpage
2018-05-04 12:29:42,827 INFO Reading webpage
2018-05-04 12:29:45,033 INFO Reading webpage
2018-05-04 12:29:47,693 INFO Reading webpage
2018-05-04 12:29:49,658 INFO Reading webpage
2018-05-04 12:29:53,541 INFO Reading webpage
2018-05-04 12:29:54,255 INFO Reading webpage
2018-05-04 12:29:54,616 INFO Reading webpage
2018-05-04 12:29:56,870 INFO Reading webpage
2018-05-04 12:29:57,725 INFO Reading webpage
2018-05-04 12:29:58,448 INFO Reading webpage
2018-05-04 12:29:59,435 INFO Reading webpage
2018-05-04 12:30:00,731 INFO Reading webpage
2018-05-04 12:30:01,163 INFO Reading webpage
2018-05-04 12:30:01,695 INFO Reading webpage
2018-05-04 12:30:02,973 INFO Reading webpage
2018-05-04 12:30:04,692 INFO Reading webpage
2018-05-04 12:30:08,322 INFO Reading webpage
2018-05-04 12:30:09,501 INFO Reading webpage
2018-05-04 12:30:10,224 INFO Reading webpage
2018-05-04 12:30:11,501 INFO Reading webpage
2018-05-04 12:30:12,884 INFO Reading webpage
2018-05-04 12:30:13,786 INFO Reading webpage
2018-05-04 12:30:14,109 INFO Reading webpage
2018-05-04 12:30:14,864 INFO Reading webpage
2018-05-04 12:30:15,292 INFO Reading webpage
2018-05-04 12:30:16,768 INFO Reading webpage
2018-05-04 12:30:17,370 INFO Reading webpage
2018-05-04 12:30:17,987 INFO Reading webpage
2018-05-04 12:30:19,179 INFO Reading webpage
2018-05-04 12:30:20,678 INFO Reading webpage
2018-05-04 12:30:21,737 INFO Reading webpage
2018-05-04 12:30:22,207 INFO Failed downloading webpage, skipping.
2018-05-04 12:30:22,782 INFO Reading webpage
2018-05-04 12:30:22,913 INFO Failed downloading webpage, skipping.
2018-05-04 12:30:25,067 INFO Starting
2018-05-04 12:30:25,911 INFO Webpage: no interesting article
2018-05-04 12:30:27,452 INFO Webpage: no interesting article
2018-05-04 12:30:32,986 INFO Webpage: no interesting article
2018-05-04 12:30:39,851 INFO Webpage: no interesting article
2018-05-04 12:30:40,828 INFO Webpage: no interesting article
2018-05-04 12:30:41,804 INFO Webpage: no interesting article
2018-05-04 12:31:20,469 INFO Starting
2018-05-04 12:31:43,754 INFO Webpage: no interesting article
2018-05-04 12:31:48,018 INFO Article not enough long, skipping.
2018-05-04 12:31:49,025 INFO Failed downloading webpage, skipping.
2018-05-04 12:31:56,674 INFO Article not enough long, skipping.
2018-05-04 12:31:58,491 INFO Article not enough long, skipping.
2018-05-04 12:32:06,475 INFO Article not enough long, skipping.
2018-05-04 12:32:10,022 INFO Webpage: no interesting article
2018-05-04 12:32:11,272 INFO Could not read filesize, skipping.
2018-05-04 12:32:11,756 INFO Downloading file
2018-05-04 12:32:12,325 INFO Problem parsing file, skipping.
2018-05-04 12:32:12,326 INFO 'utf-8' codec can't decode byte 0xc7 in position 10: invalid continuation byte
2018-05-04 12:32:14,202 INFO Article not enough long, skipping.
2018-05-04 12:32:19,449 INFO Failed downloading webpage, skipping.
2018-05-04 12:32:20,849 INFO Webpage: no interesting article
2018-05-04 12:32:22,197 INFO Article not enough long, skipping.
2018-05-04 12:32:23,867 INFO Failed downloading webpage, skipping.
2018-05-04 12:32:24,352 INFO Webpage: no interesting article
2018-05-04 12:34:27,851 INFO Starting
2018-05-04 12:34:28,453 INFO Downloading file
2018-05-04 12:34:30,187 INFO Problem parsing file, skipping.
2018-05-04 12:34:30,188 INFO 'utf-8' codec can't decode byte 0xe2 in position 10: invalid continuation byte
2018-05-04 12:34:31,111 INFO Article not enough long, skipping.
2018-05-04 12:34:33,724 INFO Article not enough long, skipping.
2018-05-04 12:34:34,588 INFO Failed downloading webpage, skipping.
2018-05-04 12:45:30,264 INFO Starting
2018-05-04 12:45:30,781 INFO Downloading file
2018-05-04 12:45:32,434 INFO Problem parsing file (probably encoding detection issue), skipping.
2018-05-04 12:45:32,435 INFO 'utf-8' codec can't decode byte 0xe2 in position 10: invalid continuation byte
2018-05-04 12:45:33,257 INFO Article not enough long, skipping.
2018-05-04 12:45:36,150 INFO Article not enough long, skipping.
2018-05-04 12:45:36,822 INFO Failed downloading webpage, skipping.
2018-05-04 12:45:37,777 INFO Article 5019	https://zaguan.unizar.es/record/48314?ln=es
2018-05-04 12:45:38,512 INFO Article not enough long, skipping.
2018-05-04 12:45:38,797 INFO Downloading file
2018-05-04 12:45:40,269 INFO Problem parsing file (probably encoding detection issue), skipping.
2018-05-04 12:45:40,270 INFO 'utf-8' codec can't decode byte 0xe4 in position 11: invalid continuation byte
2018-05-04 12:45:41,012 INFO Could not read filesize, skipping.
2018-05-04 12:45:41,246 INFO Downloading file
2018-05-04 12:45:42,870 INFO Problem parsing file (probably encoding detection issue), skipping.
2018-05-04 12:45:42,870 INFO 'utf-8' codec can't decode byte 0xe2 in position 10: invalid continuation byte
2018-05-04 12:45:57,779 INFO Article 48175	http://www.scielo.org.co/scielo.php?script=sci_arttext&pid=S0034-74502008000300012
2018-05-04 12:45:59,389 INFO Article 9062	https://jolimu.wordpress.com/2008/12/10/biomaquinas-sin-evolucion-la-paradoja-anti-darwin/
2018-05-04 12:46:00,936 INFO Article not enough long, skipping.
2018-05-04 12:46:01,080 INFO Filesize too big (21222014), skipipng.
2018-05-04 12:46:01,829 INFO Could not read filesize, skipping.
2018-05-04 12:46:02,395 INFO Article 7426	http://m.patatabrava.com/es/apunte/347731/preguntas-microbiologia
2018-05-04 12:46:02,509 INFO Downloading file
2018-05-04 12:46:02,883 INFO Problem parsing file (probably encoding detection issue), skipping.
2018-05-04 12:46:02,883 INFO 'utf-8' codec can't decode byte 0xc4 in position 10: invalid continuation byte
2018-05-04 12:46:03,731 INFO Filesize too big (8428434), skipipng.
2018-05-04 12:46:03,920 INFO Downloading file
2018-05-04 12:46:04,786 INFO Problem parsing file (probably encoding detection issue), skipping.
2018-05-04 12:46:04,786 INFO 'utf-8' codec can't decode byte 0xe2 in position 10: invalid continuation byte
2018-05-04 12:50:13,042 INFO Starting
2018-05-04 12:50:13,163 INFO Could not read filesize, skipping.
2018-05-04 12:50:15,638 INFO Downloading file
2018-05-04 12:50:15,950 INFO File 5858	http://www.poderjudicial.es/stfls/TRIBUNAL%20SUPREMO/ACUERDOS%20y%20ESTUDIOS%20DOCTRINALES/FICHERO/aindice_1.0.01.pdf
2018-05-04 12:50:16,345 INFO Article 1752	https://libros-revistas-derecho.vlex.es/vid/jurisprudencia-ordinaria-constitucional-214760
2018-05-04 12:50:18,261 INFO Article 2689	https://www.iberley.es/temas/extension-limites-jurisdiccion-orden-civil-54451
2018-05-04 12:50:19,488 INFO Article 8407	http://www.filosofiadelderechocolombia.net/2009/04/trabajo-no-1-escuela-de-la-exegesis.html
2018-05-04 12:50:21,502 INFO Article not enough long, skipping.
2018-05-04 12:50:23,379 INFO Article 1413	http://www.economistjurist.es/actualidad-juridica/jurisprudencia/la-jurisdiccion-civil-es-la-competente-en-materia-de-seguros-de-responsabilidad-de-la-administracion/
2018-05-04 12:50:25,378 INFO Article 16030	http://www.tuabogadodefensor.com/derechos-individuales/jurisprudencia/
2018-05-04 12:50:26,384 INFO Downloading file
2018-05-04 12:50:35,317 INFO File 35593	http://www.ubo.cl/icsyc/wp-content/uploads/2011/09/13-Schiele.pdf
2018-05-04 12:50:36,516 INFO Article not enough long, skipping.
2018-05-04 12:50:36,690 INFO Downloading file
2018-05-04 12:50:37,471 INFO File 29253	http://www.galeon.com/josicu/filder/escuelas.pdf
2018-05-04 12:50:37,934 INFO Article 1025	http://www.fundacionepj.org/foros-de-jurisprudencia-12
2018-05-04 12:50:42,251 INFO Article 30788	https://biblioteca.unizar.es/biblioteca-derecho/guia-jurisprudencia-revistas
2018-05-04 12:50:48,097 INFO Article 5171	http://www.civil-mercantil.com/seleccion-jurisprudencia-derecho-civil-16-30-abril-2016.html
2018-05-04 12:50:51,191 INFO Article 1645	http://www.redalyc.org/html/1002/100243953001/
2018-05-04 12:50:51,681 INFO Article 26799	http://www.monografias.com/trabajos102/metodos-creacion-e-interpretacion-del-derecho/metodos-creacion-e-interpretacion-del-derecho.shtml
2018-05-04 12:50:55,120 INFO Article not enough long, skipping.
2018-05-04 12:51:39,959 INFO Article not enough long, skipping.
2018-05-04 12:51:40,257 INFO Downloading file
2018-05-04 12:51:46,568 INFO File 74549	http://www.indret.com/pdf/843_es.pdf
2018-05-04 12:51:47,283 INFO Article 25568	http://www.monografias.com/trabajos98/derecho-positivo/derecho-positivo.shtml
2018-05-04 12:51:50,622 INFO Failed downloading webpage, skipping.
2018-05-04 12:56:54,948 INFO Starting
2018-05-04 12:57:02,037 INFO Article not enough long, skipping.
2018-05-04 12:57:02,571 INFO Filesize too big (4975830), skipipng.
2018-05-04 12:57:03,844 INFO Article not enough long, skipping.
2018-05-04 12:57:04,050 INFO Could not read filesize, skipping.
2018-05-04 12:57:05,702 INFO Article not enough long, skipping.
2018-05-04 12:57:07,279 INFO Article not enough long, skipping.
2018-05-04 12:57:13,596 INFO Article not enough long, skipping.
2018-05-04 12:57:20,395 INFO Article not enough long, skipping.
2018-05-04 12:57:45,546 INFO Starting
2018-05-04 12:57:46,703 INFO Article not enough long, skipping.
2018-05-04 12:57:47,116 INFO Filesize too big (4975830), skipipng.
2018-05-04 12:57:48,467 INFO Article not enough long, skipping.
2018-05-04 12:57:48,702 INFO Could not read filesize, skipping.
2018-05-04 12:57:50,195 INFO Article not enough long, skipping.
2018-05-04 12:57:51,482 INFO Article not enough long, skipping.
2018-05-04 12:57:52,520 INFO Article not enough long, skipping.
2018-05-04 12:57:59,250 INFO Article not enough long, skipping.
2018-05-04 12:57:59,907 INFO Source: Not enough words, skipping.
2018-05-04 12:58:00,117 INFO Filesize too big (3192604), skipipng.
2018-05-04 12:58:01,762 INFO Article not enough long, skipping.
2018-05-04 12:58:13,364 INFO Article not enough long, skipping.
2018-05-04 12:58:13,919 INFO Article not enough long, skipping.
2018-05-04 12:58:17,149 INFO Source: Not enough words, skipping.
2018-05-04 12:58:17,427 INFO Downloading file
2018-05-04 12:58:19,092 INFO File 30045	https://riunet.upv.es/bitstream/handle/10251/36717/TFM_Cloquell%20Tudela%20A..pdf?sequence=1
2018-05-04 12:58:23,968 INFO Article not enough long, skipping.
2018-05-04 12:58:24,600 INFO Filesize too big (12719963), skipipng.
2018-05-04 12:58:25,330 INFO Article not enough long, skipping.
2018-05-04 12:58:26,305 INFO Source: Not enough words, skipping.
2018-05-04 12:58:33,443 INFO Article not enough long, skipping.
2018-05-04 12:58:34,080 INFO Article not enough long, skipping.
2018-05-04 12:58:41,423 INFO Source: Not enough words, skipping.
2018-05-04 12:58:42,606 INFO Article 19586	https://www.elespanol.com/sociedad/educacion/notas-de-corte/titulaciones/pceo-grado-en-ingenieria-en-tecnologias-aeroespaciales-grado-en-ingenieria-fisica/
2018-05-04 12:58:45,294 INFO Article not enough long, skipping.
2018-05-04 12:58:47,438 INFO Article not enough long, skipping.
2018-05-04 12:58:49,095 INFO Article not enough long, skipping.
2018-05-04 12:58:50,580 INFO Article not enough long, skipping.
2018-05-04 12:58:51,890 INFO Article 3573	https://www.uax.es/grado-en-ingenieria-aeroespacial.html
2018-05-04 12:58:54,957 INFO Article not enough long, skipping.
2018-05-04 12:58:55,665 INFO Article not enough long, skipping.
2018-05-04 12:58:59,200 INFO Article not enough long, skipping.
2018-05-04 12:59:00,869 INFO Failed downloading webpage, skipping.
2018-05-04 13:15:26,571 INFO Starting
2018-05-04 13:15:27,583 INFO Article not enough long, skipping.
2018-05-04 13:15:28,053 INFO Filesize too big (4975830), skipipng.
2018-05-04 13:15:28,984 INFO Article not enough long, skipping.
2018-05-04 13:15:29,218 INFO Could not read filesize, skipping.
2018-05-04 13:15:30,445 INFO Article not enough long, skipping.
2018-05-04 13:15:32,174 INFO Article not enough long, skipping.
2018-05-04 13:15:33,283 INFO Article not enough long, skipping.
2018-05-04 13:15:40,114 INFO Article not enough long, skipping.
2018-05-04 13:15:40,753 INFO Source: Not enough words, skipping.
2018-05-04 13:15:40,966 INFO Filesize too big (3192604), skipipng.
2018-05-04 13:15:44,386 INFO Article not enough long, skipping.
2018-05-04 13:15:56,124 INFO Article not enough long, skipping.
2018-05-04 13:15:56,667 INFO Article not enough long, skipping.
2018-05-04 13:16:00,371 INFO Source: Not enough words, skipping.
2018-05-04 13:16:00,612 INFO Downloading file
2018-05-04 13:16:01,840 INFO File 30045	https://riunet.upv.es/bitstream/handle/10251/36717/TFM_Cloquell%20Tudela%20A..pdf?sequence=1
2018-05-04 13:16:06,654 INFO Article not enough long, skipping.
2018-05-04 13:16:07,263 INFO Filesize too big (12719963), skipipng.
2018-05-04 13:16:08,022 INFO Article not enough long, skipping.
2018-05-04 13:16:09,003 INFO Source: Not enough words, skipping.
2018-05-04 13:16:10,339 INFO Article not enough long, skipping.
2018-05-04 13:16:10,863 INFO Article not enough long, skipping.
2018-05-04 13:16:12,437 INFO Source: Not enough words, skipping.
2018-05-04 13:16:13,288 INFO Article 19586	https://www.elespanol.com/sociedad/educacion/notas-de-corte/titulaciones/pceo-grado-en-ingenieria-en-tecnologias-aeroespaciales-grado-en-ingenieria-fisica/
2018-05-04 13:16:13,998 INFO Article not enough long, skipping.
2018-05-04 13:16:14,763 INFO Article not enough long, skipping.
2018-05-04 13:16:16,179 INFO Article not enough long, skipping.
2018-05-04 13:16:18,260 INFO Article not enough long, skipping.
2018-05-04 13:16:19,542 INFO Article 3573	https://www.uax.es/grado-en-ingenieria-aeroespacial.html
2018-05-04 13:16:21,554 INFO Article not enough long, skipping.
2018-05-04 13:16:22,191 INFO Article not enough long, skipping.
2018-05-04 13:16:30,290 INFO Article not enough long, skipping.
2018-05-04 13:16:32,131 INFO Article not enough long, skipping.
2018-05-04 13:16:32,822 INFO Article not enough long, skipping.
2018-05-04 13:16:34,275 INFO Article not enough long, skipping.
2018-05-04 13:16:35,174 INFO Article not enough long, skipping.
2018-05-04 13:16:38,823 INFO Article not enough long, skipping.
2018-05-04 13:16:40,242 INFO Source: Not enough words, skipping.
2018-05-04 13:16:40,985 INFO Source: Not enough words, skipping.
2018-05-04 13:16:43,106 INFO Downloading file
2018-05-04 13:16:47,347 INFO File 8394	http://www.unac.edu.pe/documentos/organizacion/vri/cdcitra/Informes_Finales_Investigacion/Noviembre_2011/IF_PAZ%20LOPEZ_FIME/CARATULA_INDICE_RESUMEN_INTRO_MARCO_MAT_RES_DISC_REF_APEN.pdf
2018-05-04 13:16:48,109 INFO Article not enough long, skipping.
2018-05-04 13:16:48,755 INFO Article not enough long, skipping.
2018-05-04 13:16:49,177 INFO Article not enough long, skipping.
2018-05-04 13:16:50,282 INFO Article not enough long, skipping.
2018-05-04 13:16:53,415 INFO Article 34304	https://www.boe.es/diario_boe/txt.php?id=BOE-A-1994-16228
2018-05-04 13:16:54,871 INFO Article not enough long, skipping.
2018-05-04 13:16:56,893 INFO Article 32088	https://es.wikipedia.org/wiki/Expresionismo
2018-05-04 13:16:57,952 INFO Article 19763	http://www.ciudadpintura.com/SearchAutor?AutNum=11104
2018-05-04 13:16:58,688 INFO Article not enough long, skipping.
2018-05-04 13:17:00,941 INFO Article not enough long, skipping.
2018-05-04 13:17:01,713 INFO Article 7585	http://www.abc.es/20120716/cultura-arte/abci-enfermedad-mental-arte-201207131759.html
2018-05-04 13:17:06,043 INFO Article 10490	http://www.gmarticeballosart.com/2012/04/como-mirar-un-cuadro/
2018-05-04 13:17:07,459 INFO Article not enough long, skipping.
2018-05-04 13:17:08,317 INFO Article 4265	https://culturacolectiva.com/arte/pinturas-de-picasso-famosas/
2018-05-04 13:17:08,797 INFO Source: Not enough words, skipping.
2018-05-04 13:17:09,346 INFO Article 6389	https://www.swissinfo.ch/spa/democraciadirecta/ventana-de-la-democracia--12-_el-milagro-de-picasso-en-basilea-/43574666
2018-05-04 13:17:10,737 INFO Article 4275	http://cnnespanol.cnn.com/2016/01/04/las-obras-de-arte-mas-caras-del-mundo-por-que-siguen-rompiendo-los-records-en-subastas/
2018-05-04 13:17:13,279 INFO Article not enough long, skipping.
2018-05-04 13:17:15,320 INFO Article not enough long, skipping.
2018-05-04 13:17:16,867 INFO Article not enough long, skipping.
2018-05-04 13:17:19,943 INFO Article 29981	https://es.wikipedia.org/wiki/Pablo_Picasso
2018-05-04 13:17:20,262 INFO Article not enough long, skipping.
2018-05-04 13:17:22,961 INFO Article not enough long, skipping.
2018-05-04 13:17:23,505 INFO Article 5291	https://lavozdelmuro.net/los-25-cuadros-mas-caros-de-la-historia-del-arte-el-mas-caro-de-todos-te-dejara-boquiabierto/
2018-05-04 13:17:27,588 INFO Failed downloading webpage, skipping.
2018-05-04 13:17:28,485 INFO Source: Not enough words, skipping.
2018-05-04 13:17:29,786 INFO Article not enough long, skipping.
2018-05-04 13:17:30,993 INFO Article not enough long, skipping.
2018-05-04 13:17:32,026 INFO Article not enough long, skipping.
2018-05-04 13:17:35,045 INFO Source: Not enough words, skipping.
2018-05-04 13:17:35,436 INFO Article 3004	http://www.expansion.com/fueradeserie/cultura/2017/03/02/58b80ec9ca474151098b46ae.html
2018-05-04 13:17:36,150 INFO Article not enough long, skipping.
2018-05-04 13:17:36,436 INFO Article not enough long, skipping.
2018-05-04 13:17:40,838 INFO Article not enough long, skipping.
2018-05-04 13:17:42,176 INFO Article 6826	https://www.nytimes.com/es/2018/02/27/secretos-picasso-epoca-azul/
2018-05-04 13:17:42,987 INFO Article 3195	https://elpais.com/diario/2011/02/16/cultura/1297810801_850215.html
2018-05-04 13:17:45,508 INFO Article not enough long, skipping.
2018-05-04 13:17:46,959 INFO Article 19538	http://html.rincondelvago.com/picasso_2.html
2018-05-04 13:17:48,318 INFO Article not enough long, skipping.
2018-05-04 13:17:49,373 INFO Source: Not enough words, skipping.
2018-05-04 13:17:53,576 INFO Article 4813	http://culturainquieta.com/es/arte/pintura/item/4553-los-20-cuadros-mas-caros-del-mundo.html
2018-05-04 13:17:55,155 INFO Article 3055	http://www.elmundo.es/especiales/2011/10/cultura/guernica/picasso.html
2018-05-04 13:17:56,373 INFO Article not enough long, skipping.
2018-05-04 13:17:56,911 INFO Article 3129	http://www.elcultural.com/noticias/arte/Cezanne-Picasso-Van-Gogh-Gauguin-Matisse-y-Warhol-juntos-en-el-Thyssen/500734
2018-05-04 13:17:57,510 INFO Article 4698	http://www.elcultural.com/revista/arte/Matisse-Picasso/4771
2018-05-04 13:17:58,046 INFO Article 5438	https://www.elconfidencial.com/cultura/2013-04-08/pablo-picasso-40-anos-del-artista-mas-cotizado-del-mundo_495570/
2018-05-04 13:17:59,166 INFO Article 10458	http://www.alschner.es/es/artista
2018-05-04 13:17:59,264 INFO Could not read filesize, skipping.
2018-05-04 13:17:59,387 INFO Downloading file
2018-05-04 13:17:59,703 INFO File 5858	http://www.poderjudicial.es/stfls/TRIBUNAL%20SUPREMO/ACUERDOS%20y%20ESTUDIOS%20DOCTRINALES/FICHERO/aindice_1.0.01.pdf
2018-05-04 13:18:00,046 INFO Source: Not enough words, skipping.
2018-05-04 13:18:02,316 INFO Source: Not enough words, skipping.
2018-05-04 13:18:03,659 INFO Article 8407	http://www.filosofiadelderechocolombia.net/2009/04/trabajo-no-1-escuela-de-la-exegesis.html
2018-05-04 13:18:05,978 INFO Article not enough long, skipping.
2018-05-04 13:18:07,829 INFO Source: Not enough words, skipping.
2018-05-04 13:18:09,906 INFO Article 16030	http://www.tuabogadodefensor.com/derechos-individuales/jurisprudencia/
2018-05-04 13:18:10,826 INFO Downloading file
2018-05-04 13:18:16,786 INFO File 30875	http://www.ubo.cl/icsyc/wp-content/uploads/2011/09/13-Schiele.pdf
2018-05-04 13:18:20,344 INFO Article not enough long, skipping.
2018-05-04 13:18:20,509 INFO Downloading file
2018-05-04 13:18:21,314 INFO File 29253	http://www.galeon.com/josicu/filder/escuelas.pdf
2018-05-04 13:18:21,797 INFO Source: Not enough words, skipping.
2018-05-04 13:18:24,421 INFO Starting
2018-05-04 13:18:25,606 INFO Article not enough long, skipping.
2018-05-04 13:18:26,073 INFO Filesize too big (4975830), skipipng.
2018-05-04 13:18:27,425 INFO Article not enough long, skipping.
2018-05-04 13:18:28,643 INFO Could not read filesize, skipping.
2018-05-04 13:18:30,088 INFO Article not enough long, skipping.
2018-05-04 13:18:31,390 INFO Article not enough long, skipping.
2018-05-04 13:18:32,395 INFO Article not enough long, skipping.
2018-05-04 13:18:39,169 INFO Article not enough long, skipping.
2018-05-04 13:18:39,836 INFO Source: Not enough words, skipping.
2018-05-04 13:18:40,051 INFO Filesize too big (3192604), skipipng.
2018-05-04 13:18:43,408 INFO Article not enough long, skipping.
2018-05-04 13:18:54,891 INFO Article not enough long, skipping.
2018-05-04 13:18:55,429 INFO Article not enough long, skipping.
2018-05-04 13:18:58,007 INFO Source: Not enough words, skipping.
2018-05-04 13:18:58,256 INFO Downloading file
2018-05-04 13:18:59,554 INFO File 5000w	30045b	https://riunet.upv.es/bitstream/handle/10251/36717/TFM_Cloquell%20Tudela%20A..pdf?sequence=1
2018-05-04 13:19:04,499 INFO Article not enough long, skipping.
2018-05-04 13:19:05,104 INFO Filesize too big (12719963), skipipng.
2018-05-04 13:19:05,809 INFO Article not enough long, skipping.
2018-05-04 13:19:06,722 INFO Source: Not enough words, skipping.
2018-05-04 13:19:07,854 INFO Article not enough long, skipping.
2018-05-04 13:19:08,317 INFO Article not enough long, skipping.
2018-05-04 13:19:09,736 INFO Source: Not enough words, skipping.
2018-05-04 13:19:10,464 INFO Article 2284w	19586b	https://www.elespanol.com/sociedad/educacion/notas-de-corte/titulaciones/pceo-grado-en-ingenieria-en-tecnologias-aeroespaciales-grado-en-ingenieria-fisica/
2018-05-04 13:19:11,066 INFO Article not enough long, skipping.
2018-05-04 13:19:11,703 INFO Article not enough long, skipping.
2018-05-04 13:19:12,933 INFO Article not enough long, skipping.
2018-05-04 13:19:14,162 INFO Article not enough long, skipping.
2018-05-04 13:19:15,386 INFO Article 514w	3573b	https://www.uax.es/grado-en-ingenieria-aeroespacial.html
2018-05-04 13:19:17,220 INFO Article not enough long, skipping.
2018-05-04 13:19:17,820 INFO Article not enough long, skipping.
2018-05-04 13:19:22,075 INFO Article not enough long, skipping.
2018-05-04 13:19:23,539 INFO Article not enough long, skipping.
2018-05-04 13:19:24,275 INFO Article not enough long, skipping.
2018-05-04 13:19:25,652 INFO Article not enough long, skipping.
2018-05-04 13:19:26,288 INFO Article not enough long, skipping.
2018-05-04 13:19:29,757 INFO Article not enough long, skipping.
2018-05-04 13:19:31,037 INFO Source: Not enough words, skipping.
2018-05-04 13:19:32,342 INFO Source: Not enough words, skipping.
2018-05-04 13:23:06,572 INFO Starting
2018-05-04 13:23:07,144 INFO Downloading file
2018-05-04 13:23:09,692 INFO File 5000w	32427b	http://www.bdigital.unal.edu.co/6465/1/598914.2012.pdf
2018-05-04 13:23:54,188 INFO Starting
2018-05-04 13:23:54,292 INFO Could not read filesize, skipping.
2018-05-04 13:23:54,427 INFO Downloading file
2018-05-04 13:23:54,702 INFO File 765w	5858b	http://www.poderjudicial.es/stfls/TRIBUNAL%20SUPREMO/ACUERDOS%20y%20ESTUDIOS%20DOCTRINALES/FICHERO/aindice_1.0.01.pdf
2018-05-04 13:27:53,226 INFO Starting
2018-05-04 13:27:53,398 INFO Could not read filesize, skipping.
2018-05-04 13:27:53,505 INFO Downloading file
2018-05-04 13:27:53,870 INFO File 765w	5858b	http://www.poderjudicial.es/stfls/TRIBUNAL%20SUPREMO/ACUERDOS%20y%20ESTUDIOS%20DOCTRINALES/FICHERO/aindice_1.0.01.pdf
2018-05-04 13:27:54,301 INFO Source: Not enough words, skipping.
2018-05-04 13:27:57,260 INFO Source: Not enough words, skipping.
2018-05-04 13:27:58,253 INFO Article 1363w	8407b	http://www.filosofiadelderechocolombia.net/2009/04/trabajo-no-1-escuela-de-la-exegesis.html
2018-05-04 13:28:00,910 INFO Article not enough long, skipping.
2018-05-04 13:28:02,765 INFO Source: Not enough words, skipping.
2018-05-04 13:28:04,689 INFO Article 2461w	16030b	http://www.tuabogadodefensor.com/derechos-individuales/jurisprudencia/
2018-05-04 13:28:05,644 INFO Downloading file
2018-05-04 13:28:11,933 INFO File 5000w	30875b	http://www.ubo.cl/icsyc/wp-content/uploads/2011/09/13-Schiele.pdf
2018-05-04 13:28:13,102 INFO Article not enough long, skipping.
2018-05-04 13:28:13,275 INFO Downloading file
2018-05-04 13:28:14,012 INFO File 4687w	29253b	http://www.galeon.com/josicu/filder/escuelas.pdf
2018-05-04 13:28:14,536 INFO Source: Not enough words, skipping.
2018-05-04 13:28:16,905 INFO Article 4541w	30788b	https://biblioteca.unizar.es/biblioteca-derecho/guia-jurisprudencia-revistas
2018-05-04 13:28:17,709 INFO Article 819w	5171b	http://www.civil-mercantil.com/seleccion-jurisprudencia-derecho-civil-16-30-abril-2016.html
2018-05-04 13:28:20,677 INFO Source: Not enough words, skipping.
2018-05-04 13:28:21,152 INFO Article 4333w	26799b	http://www.monografias.com/trabajos102/metodos-creacion-e-interpretacion-del-derecho/metodos-creacion-e-interpretacion-del-derecho.shtml
2018-05-04 13:28:24,409 INFO Article not enough long, skipping.
2018-05-04 13:29:04,126 INFO Failed downloading webpage, skipping.
2018-05-04 13:29:04,311 INFO Downloading file
2018-05-04 13:33:26,129 INFO Starting
2018-05-04 13:33:26,130 INFO Using debug links...
2018-05-04 13:33:26,130 INFO Found 44 links for salud
2018-05-04 13:33:26,130 INFO Found 41 links for humanidades
2018-05-04 13:33:26,130 INFO Found 39 links for derecho
2018-05-04 13:33:26,130 INFO Found 45 links for ingeniería
2018-05-04 13:33:26,131 INFO Found 41 links for bellasartes
2018-05-04 13:33:26,131 INFO ################################################################################
2018-05-04 13:33:26,131 INFO # Extracting text from remote sources for salud!
2018-05-04 13:33:26,131 INFO ################################################################################
2018-05-04 13:33:26,733 INFO Downloading file
2018-05-04 13:33:29,319 INFO File 5000w	32427b	http://www.bdigital.unal.edu.co/6465/1/598914.2012.pdf
2018-05-04 13:33:30,224 INFO Article not enough long, skipping.
2018-05-04 13:33:32,706 INFO Article not enough long, skipping.
2018-05-04 13:33:34,587 INFO Failed downloading webpage, skipping.
2018-05-04 13:33:35,270 INFO Article 794w	5019b	https://zaguan.unizar.es/record/48314?ln=es
2018-05-04 13:33:36,157 INFO Article not enough long, skipping.
2018-05-04 13:33:36,360 INFO Downloading file
2018-05-04 13:33:39,043 INFO File 5000w	31934b	http://www.lourdes-luengo.es/unidadesbio/microbiologia/25Microbiologia.pdf
2018-05-04 13:33:40,142 INFO Could not read filesize, skipping.
2018-05-04 13:33:40,390 INFO Downloading file
2018-05-04 13:33:42,504 INFO File 5000w	33274b	http://www.uca.es/dpto/C125/XVI-curso-iniciacion-sem-2012/curso-sem-2012.pdf
2018-05-04 13:33:58,030 INFO Article 5000w	31822b	http://www.scielo.org.co/scielo.php?script=sci_arttext&pid=S0034-74502008000300012
2018-05-04 13:33:59,416 INFO Article 1458w	9062b	https://jolimu.wordpress.com/2008/12/10/biomaquinas-sin-evolucion-la-paradoja-anti-darwin/
2018-05-04 13:34:00,974 INFO Article not enough long, skipping.
2018-05-04 13:34:01,088 INFO Filesize too big (21222014), skipipng.
2018-05-04 13:34:01,845 INFO Could not read filesize, skipping.
2018-05-04 13:34:02,383 INFO Article 1165w	7426b	http://m.patatabrava.com/es/apunte/347731/preguntas-microbiologia
2018-05-04 13:34:02,518 INFO Downloading file
2018-05-04 13:34:03,137 INFO Source: Not enough words, skipping.
2018-05-04 13:34:03,793 INFO Filesize too big (8428434), skipipng.
2018-05-04 13:34:04,001 INFO Downloading file
2018-05-04 13:34:07,564 INFO File 5000w	31658b	http://raed.academy/wp-content/uploads/2017/05/Web_LibroRAed_Turbon59.pdf
2018-05-04 13:34:09,608 INFO Article not enough long, skipping.
